TN:
SF:app.js
FN:13,(anonymous_0)
FN:14,(anonymous_1)
FN:17,(anonymous_2)
FN:25,(anonymous_3)
FN:44,(anonymous_4)
FN:77,(anonymous_5)
FN:90,(anonymous_6)
FN:117,(anonymous_7)
FN:132,(anonymous_8)
FN:165,(anonymous_9)
FN:187,(anonymous_10)
FN:210,(anonymous_11)
FNF:12
FNH:9
FNDA:0,(anonymous_0)
FNDA:0,(anonymous_1)
FNDA:1,(anonymous_2)
FNDA:3,(anonymous_3)
FNDA:42,(anonymous_4)
FNDA:19,(anonymous_5)
FNDA:3,(anonymous_6)
FNDA:5,(anonymous_7)
FNDA:11,(anonymous_8)
FNDA:4,(anonymous_9)
FNDA:3,(anonymous_10)
FNDA:0,(anonymous_11)
DA:1,4
DA:2,4
DA:3,4
DA:4,4
DA:6,4
DA:7,4
DA:10,4
DA:11,0
DA:12,0
DA:13,0
DA:14,0
DA:17,4
DA:18,1
DA:21,4
DA:22,4
DA:23,4
DA:25,4
DA:26,3
DA:27,3
DA:29,3
DA:30,3
DA:31,1
DA:32,2
DA:33,1
DA:36,1
DA:38,1
DA:40,0
DA:44,4
DA:45,42
DA:46,42
DA:48,42
DA:50,42
DA:51,1
DA:54,41
DA:61,41
DA:62,41
DA:64,41
DA:70,0
DA:74,4
DA:75,4
DA:77,4
DA:78,19
DA:79,19
DA:80,1
DA:83,18
DA:85,18
DA:90,18
DA:91,3
DA:92,3
DA:94,3
DA:97,18
DA:98,1
DA:101,17
DA:108,17
DA:110,17
DA:113,0
DA:117,4
DA:118,5
DA:119,5
DA:121,5
DA:126,5
DA:128,0
DA:132,4
DA:133,11
DA:134,11
DA:135,1
DA:138,10
DA:139,1
DA:142,9
DA:144,9
DA:154,9
DA:155,9
DA:157,9
DA:161,0
DA:165,4
DA:166,4
DA:169,4
DA:170,2
DA:173,2
DA:174,2
DA:178,0
DA:181,4
DA:183,0
DA:187,4
DA:188,3
DA:189,3
DA:191,3
DA:192,1
DA:195,2
DA:196,0
DA:199,2
DA:200,2
DA:202,2
DA:204,0
DA:209,4
DA:210,0
DA:211,0
DA:215,4
LF:98
LH:83
BRDA:10,0,0,0
BRDA:10,0,1,4
BRDA:30,1,0,1
BRDA:30,1,1,2
BRDA:32,2,0,1
BRDA:32,2,1,1
BRDA:50,3,0,1
BRDA:50,3,1,41
BRDA:79,4,0,1
BRDA:79,4,1,18
BRDA:94,5,0,3
BRDA:94,5,1,1
BRDA:97,6,0,1
BRDA:97,6,1,17
BRDA:134,7,0,1
BRDA:134,7,1,10
BRDA:138,8,0,1
BRDA:138,8,1,9
BRDA:138,9,0,10
BRDA:138,9,1,10
BRDA:169,10,0,2
BRDA:169,10,1,2
BRDA:173,11,0,2
BRDA:173,11,1,0
BRDA:191,12,0,1
BRDA:191,12,1,2
BRDA:195,13,0,0
BRDA:195,13,1,2
BRDA:209,14,0,0
BRDA:209,14,1,4
BRF:30
BRH:26
end_of_record
TN:
SF:index.js
FN:3,(anonymous_0)
FNF:1
FNH:0
FNDA:0,(anonymous_0)
DA:1,0
DA:3,0
DA:4,0
LF:3
LH:0
BRF:0
BRH:0
end_of_record
TN:
SF:middleware/auth.js
FN:4,(anonymous_0)
FNF:1
FNH:1
FNDA:47,(anonymous_0)
DA:1,4
DA:2,4
DA:4,4
DA:5,47
DA:6,47
DA:8,47
DA:9,5
DA:12,42
DA:13,42
DA:15,42
DA:16,0
DA:19,42
DA:20,42
DA:22,0
DA:26,4
LF:15
LH:13
BRDA:8,0,0,5
BRDA:8,0,1,42
BRDA:15,1,0,0
BRDA:15,1,1,42
BRF:4
BRH:3
end_of_record
TN:
SF:models/Appointment.js
FNF:0
FNH:0
DA:1,4
DA:3,4
DA:15,4
LF:3
LH:3
BRF:0
BRH:0
end_of_record
TN:
SF:models/Availability.js
FNF:0
FNH:0
DA:1,4
DA:3,4
DA:11,4
LF:3
LH:3
BRF:0
BRH:0
end_of_record
TN:
SF:models/User.js
FNF:0
FNH:0
DA:1,4
DA:3,4
DA:10,4
LF:3
LH:3
BRF:0
BRH:0
end_of_record
